{
  "stats": {
    "suites": 8,
    "tests": 31,
    "passes": 31,
    "pending": 0,
    "failures": 0,
    "start": "2024-04-08T09:51:22.246Z",
    "end": "2024-04-08T09:51:35.132Z",
    "duration": 12886,
    "testsRegistered": 31,
    "passPercent": 100,
    "pendingPercent": 0,
    "other": 0,
    "hasOther": false,
    "skipped": 0,
    "hasSkipped": false
  },
  "results": [
    {
      "uuid": "9339c01f-938e-435d-8211-892d3c7062b5",
      "title": "",
      "fullFile": "cypress\\e2e\\backend\\endpoints.cy.js",
      "file": "cypress\\e2e\\backend\\endpoints.cy.js",
      "beforeHooks": [],
      "afterHooks": [],
      "tests": [],
      "suites": [
        {
          "uuid": "992a1548-9a39-41de-89a4-0ded9d3fe01f",
          "title": "GET /api/products",
          "fullFile": "",
          "file": "",
          "beforeHooks": [],
          "afterHooks": [],
          "tests": [
            {
              "title": "returns 200 - success",
              "fullTitle": "GET /api/products returns 200 - success",
              "timedOut": null,
              "duration": 1204,
              "state": "passed",
              "speed": "fast",
              "pass": true,
              "fail": false,
              "pending": false,
              "context": null,
              "code": "cy.request(endpoint).then(response => {\n  expect(response.status).to.be.eq(200);\n  expect(response.headers[\"content-type\"]).to.contains(\"application/json\");\n  for (let product of response.body) {\n    expect(product.id).to.be.a(\"string\");\n    expect(product.id).to.be.match(_pattern.UUIDv4);\n    expect(product.name).to.be.a(\"string\");\n    expect(product.description).to.be.a(\"string\");\n    expect(product.category).to.be.a(\"string\");\n    expect(product.originalPrice).to.be.a(\"number\");\n    expect(product.pictureUrl).to.be.a(\"string\");\n    expect(product.endDate).to.be.a(\"string\");\n    expect(product.endDate).to.match(_pattern.IOS8601);\n    expect(product.seller.id).to.be.a(\"string\");\n    expect(product.seller.username).to.be.a(\"string\");\n    for (let bid of product.bids) {\n      expect(bid.id).to.be.a(\"string\");\n      expect(bid.id).to.match(_pattern.UUIDv4);\n      expect(bid.price).to.be.a(\"number\");\n      expect(bid.date).to.be.a(\"string\");\n      expect(bid.date).to.match(_pattern.IOS8601);\n    }\n    const fixtureProduct = response.body.find(item => {\n      return item.id === \"a0f7c522-78f8-442e-a55d-642cfe566634\";\n    });\n    expect(fixtureProduct.id).to.be.eq(\"a0f7c522-78f8-442e-a55d-642cfe566634\");\n    expect(fixtureProduct.name).to.be.eq(\"Lot de casseroles\");\n    expect(fixtureProduct.description).to.be.eq(\"Ensemble de casseroles de qualité supérieure pour répondre à tous vos besoins culinaires.\");\n    expect(fixtureProduct.category).to.be.eq(\"Cuisine\");\n    expect(fixtureProduct.originalPrice).to.be.eq(40);\n    expect(fixtureProduct.pictureUrl).to.be.eq(\"https://image.noelshack.com/fichiers/2023/12/4/1679526253-65535-51812547429-fe1cc0d832-c-512-512-nofilter.jpg\");\n    expect(fixtureProduct.seller.id).to.be.eq(_tokens.aliceId);\n    expect(fixtureProduct.seller.username).to.be.eq(\"alice\");\n    expect(fixtureProduct.bids.some(bid => bid.price === 65)).to.be.true;\n  }\n});",
              "err": {},
              "uuid": "fd8ea9cb-5312-438c-a5b3-99a9cbd44b82",
              "parentUUID": "992a1548-9a39-41de-89a4-0ded9d3fe01f",
              "isHook": false,
              "skipped": false
            }
          ],
          "suites": [],
          "passes": [
            "fd8ea9cb-5312-438c-a5b3-99a9cbd44b82"
          ],
          "failures": [],
          "pending": [],
          "skipped": [],
          "duration": 1204,
          "root": false,
          "rootEmpty": false,
          "_timeout": 2000
        },
        {
          "uuid": "056989c7-eaf2-4312-a4d6-9d8f61ae3918",
          "title": "POST /api/products",
          "fullFile": "",
          "file": "",
          "beforeHooks": [],
          "afterHooks": [],
          "tests": [
            {
              "title": "returns 401 - not authorized",
              "fullTitle": "POST /api/products returns 401 - not authorized",
              "timedOut": null,
              "duration": 468,
              "state": "passed",
              "speed": "fast",
              "pass": true,
              "fail": false,
              "pending": false,
              "context": null,
              "code": "cy.request({\n  method: \"POST\",\n  url: \"http://localhost:3000/api/products\",\n  headers: {\n    Authorization: `Bearer BAD_TOKEN`\n  },\n  body: {\n    name: \"New Product\",\n    description: \"This is a new product\",\n    category: \"Electronics\",\n    originalPrice: 99,\n    pictureUrl: \"https://example.com/product.jpg\",\n    endDate: \"2023-04-01T00:00:00.000Z\"\n  },\n  failOnStatusCode: false\n}).its(\"status\").should(\"equal\", 401);",
              "err": {},
              "uuid": "9a3550c8-6ff4-46df-b4a4-9b004b870d1b",
              "parentUUID": "056989c7-eaf2-4312-a4d6-9d8f61ae3918",
              "isHook": false,
              "skipped": false
            },
            {
              "title": "returns 201 - created",
              "fullTitle": "POST /api/products returns 201 - created",
              "timedOut": null,
              "duration": 500,
              "state": "passed",
              "speed": "fast",
              "pass": true,
              "fail": false,
              "pending": false,
              "context": null,
              "code": "// Create a new product\ncy.request({\n  method: \"POST\",\n  url: \"http://localhost:3000/api/products\",\n  headers: {\n    Authorization: `Bearer ${_tokens.aliceToken}`\n  },\n  body: {\n    name: \"New Product\",\n    description: \"This is a new product\",\n    category: \"Electronics\",\n    originalPrice: 99,\n    pictureUrl: \"https://example.com/product.jpg\",\n    endDate: \"2023-04-01T00:00:00.000Z\"\n  }\n}).then(response => {\n  // Assert that the response is as expected\n  expect(response.status).to.eq(201);\n  expect(response.body.id).to.be.match(_pattern.UUIDv4);\n  expect(response.body.name).to.eq(\"New Product\");\n  expect(response.body.description).to.eq(\"This is a new product\");\n  expect(response.body.category).to.eq(\"Electronics\");\n  expect(response.body.originalPrice).to.eq(99);\n  expect(response.body.pictureUrl).to.eq(\"https://example.com/product.jpg\");\n  expect(response.body.endDate).to.eq(\"2023-04-01T00:00:00.000Z\");\n  expect(response.body.sellerId).to.eq(_tokens.aliceId);\n});",
              "err": {},
              "uuid": "360740c2-c1bd-47ed-87c3-d6c10831d72c",
              "parentUUID": "056989c7-eaf2-4312-a4d6-9d8f61ae3918",
              "isHook": false,
              "skipped": false
            },
            {
              "title": "returns 400 - missing or invalid fields",
              "fullTitle": "POST /api/products returns 400 - missing or invalid fields",
              "timedOut": null,
              "duration": 264,
              "state": "passed",
              "speed": "fast",
              "pass": true,
              "fail": false,
              "pending": false,
              "context": null,
              "code": "// Create a new product\ncy.request({\n  method: \"POST\",\n  url: \"http://localhost:3000/api/products\",\n  headers: {\n    Authorization: `Bearer ${_tokens.aliceToken}`\n  },\n  body: {\n    // Missing name: \"Machine à écrire\",\n    description: \"Machine à écrire vintage en parfait état de fonctionnement pour une expérience d'écriture unique et authentique.\",\n    pictureUrl: \"https://picsum.photos/id/403/512/512\",\n    category: \"High-Tech\",\n    originalPrice: 200,\n    endDate: \"2026-01-01T09:00:00Z\"\n  },\n  failOnStatusCode: false\n}).then(req => {\n  expect(req.status).to.be.eq(400);\n  expect(req.body.error).to.be.eq(\"Invalid or missing fields\");\n  expect(req.body.details).to.exist;\n});",
              "err": {},
              "uuid": "9f397adc-bfda-447e-a050-6800e5973adf",
              "parentUUID": "056989c7-eaf2-4312-a4d6-9d8f61ae3918",
              "isHook": false,
              "skipped": false
            },
            {
              "title": "check mutation - object created in database",
              "fullTitle": "POST /api/products check mutation - object created in database",
              "timedOut": null,
              "duration": 274,
              "state": "passed",
              "speed": "fast",
              "pass": true,
              "fail": false,
              "pending": false,
              "context": null,
              "code": "// Create a new product\n(0, _orm.getProducts)().then(({\n  products: productsBeforeCreation\n}) => {\n  (0, _orm.createProduct)().then(({\n    product\n  }) => {\n    (0, _orm.getProducts)().then(({\n      products: productsAfterCreation\n    }) => {\n      const newProducts = productsAfterCreation.filter(product => productsBeforeCreation.every(existingProduct => existingProduct.id !== product.id));\n      expect(newProducts.length).to.be.eq(1);\n      const newProduct = newProducts[0];\n      expect(newProduct.id).to.be.match(_pattern.UUIDv4);\n      expect(newProduct.name).to.eq(name);\n      expect(newProduct.description).to.eq(product.description);\n      expect(newProduct.category).to.eq(product.category);\n      expect(newProduct.originalPrice).to.eq(product.originalPrice);\n      expect(newProduct.pictureUrl).to.eq(product.pictureUrl);\n      expect(newProduct.endDate).to.eq(product.endDate);\n      expect(newProduct.seller.id).to.eq(_tokens.aliceId);\n      expect(newProduct.seller.username).to.eq(\"alice\");\n    });\n  });\n});",
              "err": {},
              "uuid": "37d7d7f4-301a-4ad4-af8b-2eafe7b291c3",
              "parentUUID": "056989c7-eaf2-4312-a4d6-9d8f61ae3918",
              "isHook": false,
              "skipped": false
            }
          ],
          "suites": [],
          "passes": [
            "9a3550c8-6ff4-46df-b4a4-9b004b870d1b",
            "360740c2-c1bd-47ed-87c3-d6c10831d72c",
            "9f397adc-bfda-447e-a050-6800e5973adf",
            "37d7d7f4-301a-4ad4-af8b-2eafe7b291c3"
          ],
          "failures": [],
          "pending": [],
          "skipped": [],
          "duration": 1506,
          "root": false,
          "rootEmpty": false,
          "_timeout": 2000
        },
        {
          "uuid": "5d11290b-9ff7-4af1-93d2-bcac57ddbbd7",
          "title": "GET /api/products/:productId",
          "fullFile": "",
          "file": "",
          "beforeHooks": [],
          "afterHooks": [],
          "tests": [
            {
              "title": "returns 404 - not found",
              "fullTitle": "GET /api/products/:productId returns 404 - not found",
              "timedOut": null,
              "duration": 279,
              "state": "passed",
              "speed": "fast",
              "pass": true,
              "fail": false,
              "pending": false,
              "context": null,
              "code": "cy.request({\n  url: \"http://localhost:3000/api/products/not-existing-id\",\n  failOnStatusCode: false\n}).its(\"status\").should(\"equal\", 404);",
              "err": {},
              "uuid": "24e14cf9-fb31-4efd-be15-39376c9a3eb4",
              "parentUUID": "5d11290b-9ff7-4af1-93d2-bcac57ddbbd7",
              "isHook": false,
              "skipped": false
            },
            {
              "title": "returns 200 - success",
              "fullTitle": "GET /api/products/:productId returns 200 - success",
              "timedOut": null,
              "duration": 519,
              "state": "passed",
              "speed": "fast",
              "pass": true,
              "fail": false,
              "pending": false,
              "context": null,
              "code": "cy.request(endpoint).then(response => {\n  expect(response.status).to.be.eq(200);\n  expect(response.headers[\"content-type\"]).to.includes(\"application/json\");\n  const product = response.body;\n  expect(product.id).to.be.eq(\"a0f7c522-78f8-442e-a55d-642cfe566634\");\n  expect(product.name).to.be.eq(\"Lot de casseroles\");\n  expect(product.description).to.be.eq(\"Ensemble de casseroles de qualité supérieure pour répondre à tous vos besoins culinaires.\");\n  expect(product.category).to.be.eq(\"Cuisine\");\n  expect(product.originalPrice).to.be.eq(40);\n  expect(product.pictureUrl).to.be.eq(\"https://image.noelshack.com/fichiers/2023/12/4/1679526253-65535-51812547429-fe1cc0d832-c-512-512-nofilter.jpg\");\n  expect(product.seller.id).to.be.eq(_tokens.aliceId);\n  expect(product.seller.username).to.be.eq(\"alice\");\n  const bid = response.body.bids.find(bid => bid.price === 65);\n  expect(bid.id).to.be.eq(\"8ccc6e79-f3c9-43e9-b47e-5be7b84d8de7\");\n  expect(bid.bidder.id).to.be.eq(_tokens.charlyId);\n  expect(bid.bidder.username).to.be.eq(\"charly\");\n});",
              "err": {},
              "uuid": "a085e0ac-f41c-4196-b901-3d2710be6a78",
              "parentUUID": "5d11290b-9ff7-4af1-93d2-bcac57ddbbd7",
              "isHook": false,
              "skipped": false
            }
          ],
          "suites": [],
          "passes": [
            "24e14cf9-fb31-4efd-be15-39376c9a3eb4",
            "a085e0ac-f41c-4196-b901-3d2710be6a78"
          ],
          "failures": [],
          "pending": [],
          "skipped": [],
          "duration": 798,
          "root": false,
          "rootEmpty": false,
          "_timeout": 2000
        },
        {
          "uuid": "5addf631-20f7-4bf0-8f8a-5ad4b1f450f0",
          "title": "PUT /api/products/:productId",
          "fullFile": "",
          "file": "",
          "beforeHooks": [],
          "afterHooks": [],
          "tests": [
            {
              "title": "returns 401 - not authorized",
              "fullTitle": "PUT /api/products/:productId returns 401 - not authorized",
              "timedOut": null,
              "duration": 285,
              "state": "passed",
              "speed": "fast",
              "pass": true,
              "fail": false,
              "pending": false,
              "context": null,
              "code": "cy.request({\n  method: \"PUT\",\n  url: endpoint,\n  headers: {\n    Authorization: `Bearer BAD_TOKEN`\n  },\n  body: {\n    name: \"Machine à écrire\",\n    description: \"Machine à écrire vintage en parfait état de fonctionnement pour une expérience d'écriture unique et authentique.\",\n    pictureUrl: \"https://picsum.photos/id/403/512/512\",\n    category: \"High-Tech\",\n    originalPrice: 200,\n    endDate: \"2026-01-01T09:00:00Z\"\n  },\n  failOnStatusCode: false\n}).its(\"status\").should(\"equal\", 401);",
              "err": {},
              "uuid": "dcb133af-9ca0-4cba-b436-471e2b92b0d4",
              "parentUUID": "5addf631-20f7-4bf0-8f8a-5ad4b1f450f0",
              "isHook": false,
              "skipped": false
            },
            {
              "title": "returns 200 - success, when owner edit",
              "fullTitle": "PUT /api/products/:productId returns 200 - success, when owner edit",
              "timedOut": null,
              "duration": 474,
              "state": "passed",
              "speed": "fast",
              "pass": true,
              "fail": false,
              "pending": false,
              "context": null,
              "code": "cy.request({\n  url: endpoint,\n  method: \"PUT\",\n  headers: {\n    Authorization: `Bearer ${_tokens.aliceToken}`\n  },\n  body: {\n    name: \"Machine à écrire\",\n    description: \"Machine à écrire vintage en parfait état de fonctionnement pour une expérience d'écriture unique et authentique.\",\n    pictureUrl: \"https://picsum.photos/id/403/512/512\",\n    category: \"High-Tech\",\n    originalPrice: 200,\n    endDate: \"2026-01-01T09:00:00Z\"\n  }\n}).its(\"status\").should(\"equal\", 200);",
              "err": {},
              "uuid": "970dccea-a0bf-4497-8abc-0e9f854230cd",
              "parentUUID": "5addf631-20f7-4bf0-8f8a-5ad4b1f450f0",
              "isHook": false,
              "skipped": false
            },
            {
              "title": "returns 403 - forbidden, when non owner edit",
              "fullTitle": "PUT /api/products/:productId returns 403 - forbidden, when non owner edit",
              "timedOut": null,
              "duration": 584,
              "state": "passed",
              "speed": "fast",
              "pass": true,
              "fail": false,
              "pending": false,
              "context": null,
              "code": "cy.request({\n  url: endpoint,\n  method: \"PUT\",\n  headers: {\n    Authorization: `Bearer ${_tokens.bobToken}`\n  },\n  body: {\n    name: \"Machine à écrire\",\n    description: \"Machine à écrire vintage en parfait état de fonctionnement pour une expérience d'écriture unique et authentique.\",\n    pictureUrl: \"https://picsum.photos/id/403/512/512\",\n    category: \"High-Tech\",\n    originalPrice: 200,\n    endDate: \"2026-01-01T09:00:00Z\"\n  },\n  failOnStatusCode: false\n}).its(\"status\").should(\"equal\", 403);",
              "err": {},
              "uuid": "ca13b27b-d649-4f4e-b255-def86aee1b7f",
              "parentUUID": "5addf631-20f7-4bf0-8f8a-5ad4b1f450f0",
              "isHook": false,
              "skipped": false
            },
            {
              "title": "returns 200 - success, when admin edit",
              "fullTitle": "PUT /api/products/:productId returns 200 - success, when admin edit",
              "timedOut": null,
              "duration": 125,
              "state": "passed",
              "speed": "fast",
              "pass": true,
              "fail": false,
              "pending": false,
              "context": null,
              "code": "cy.request({\n  url: endpoint,\n  method: \"PUT\",\n  headers: {\n    Authorization: `Bearer ${_tokens.adminToken}`\n  },\n  body: {\n    name: \"Machine à écrire\",\n    description: \"Machine à écrire vintage en parfait état de fonctionnement pour une expérience d'écriture unique et authentique.\",\n    pictureUrl: \"https://picsum.photos/id/403/512/512\",\n    category: \"High-Tech\",\n    originalPrice: 200,\n    endDate: \"2026-01-01T09:00:00Z\"\n  }\n}).its(\"status\").should(\"equal\", 200);",
              "err": {},
              "uuid": "6faaa062-eebd-4384-afbb-70520ee88bbd",
              "parentUUID": "5addf631-20f7-4bf0-8f8a-5ad4b1f450f0",
              "isHook": false,
              "skipped": false
            },
            {
              "title": "returns 404 - not found",
              "fullTitle": "PUT /api/products/:productId returns 404 - not found",
              "timedOut": null,
              "duration": 355,
              "state": "passed",
              "speed": "fast",
              "pass": true,
              "fail": false,
              "pending": false,
              "context": null,
              "code": "cy.request({\n  url: \"http://localhost:3000/api/products/not-existing-id\",\n  method: \"PUT\",\n  headers: {\n    Authorization: `Bearer ${_tokens.aliceToken}`\n  },\n  body: {\n    name: \"Machine à écrire\",\n    description: \"Machine à écrire vintage en parfait état de fonctionnement pour une expérience d'écriture unique et authentique.\",\n    pictureUrl: \"https://picsum.photos/id/403/512/512\",\n    category: \"High-Tech\",\n    originalPrice: 200,\n    endDate: \"2026-01-01T09:00:00Z\"\n  },\n  failOnStatusCode: false\n}).its(\"status\").should(\"equal\", 404);",
              "err": {},
              "uuid": "bc7377c7-cf5c-44ee-8700-9ef779b93b7c",
              "parentUUID": "5addf631-20f7-4bf0-8f8a-5ad4b1f450f0",
              "isHook": false,
              "skipped": false
            },
            {
              "title": "check mutation - object updated in database",
              "fullTitle": "PUT /api/products/:productId check mutation - object updated in database",
              "timedOut": null,
              "duration": 238,
              "state": "passed",
              "speed": "fast",
              "pass": true,
              "fail": false,
              "pending": false,
              "context": null,
              "code": "const newProductData = (0, _orm.buildProduct)();\ncy.request({\n  url: endpoint,\n  method: \"PUT\",\n  headers: {\n    Authorization: `Bearer ${_tokens.aliceToken}`\n  },\n  body: {\n    name: newProductData.name,\n    description: newProductData.description,\n    pictureUrl: newProductData.pictureUrl,\n    category: newProductData.category,\n    originalPrice: newProductData.originalPrice,\n    endDate: newProductData.endDate.toISOString()\n  }\n}).then(() => {\n  cy.request(endpoint).then(response => {\n    const product = response.body;\n    expect(response.status).to.be.eq(200);\n    expect(product.id).to.be.eq(\"a0f7c522-78f8-442e-a55d-642cfe566634\");\n    expect(product.name).to.be.eq(newProductData.name);\n    expect(product.description).to.be.eq(newProductData.description);\n    expect(product.category).to.be.eq(newProductData.category);\n    expect(product.originalPrice).to.be.eq(newProductData.originalPrice);\n    expect(product.pictureUrl).to.be.eq(newProductData.pictureUrl);\n    expect(product.endDate).to.be.eq(newProductData.endDate.toISOString());\n    expect(product.seller.id).to.be.eq(_tokens.aliceId);\n    expect(product.seller.username).to.be.eq(\"alice\");\n  });\n});",
              "err": {},
              "uuid": "208c1cf2-465e-4dd4-b7de-6502b5852236",
              "parentUUID": "5addf631-20f7-4bf0-8f8a-5ad4b1f450f0",
              "isHook": false,
              "skipped": false
            }
          ],
          "suites": [],
          "passes": [
            "dcb133af-9ca0-4cba-b436-471e2b92b0d4",
            "970dccea-a0bf-4497-8abc-0e9f854230cd",
            "ca13b27b-d649-4f4e-b255-def86aee1b7f",
            "6faaa062-eebd-4384-afbb-70520ee88bbd",
            "bc7377c7-cf5c-44ee-8700-9ef779b93b7c",
            "208c1cf2-465e-4dd4-b7de-6502b5852236"
          ],
          "failures": [],
          "pending": [],
          "skipped": [],
          "duration": 2061,
          "root": false,
          "rootEmpty": false,
          "_timeout": 2000
        },
        {
          "uuid": "93658685-b95f-421f-8db2-dc9f05df7759",
          "title": "DELETE /api/products/:productId",
          "fullFile": "",
          "file": "",
          "beforeHooks": [],
          "afterHooks": [],
          "tests": [
            {
              "title": "returns 401 - not authorized",
              "fullTitle": "DELETE /api/products/:productId returns 401 - not authorized",
              "timedOut": null,
              "duration": 400,
              "state": "passed",
              "speed": "fast",
              "pass": true,
              "fail": false,
              "pending": false,
              "context": null,
              "code": "cy.request({\n  method: \"DELETE\",\n  url: endpoint,\n  headers: {\n    Authorization: `Bearer BAD_TOKEN`\n  },\n  failOnStatusCode: false\n}).its(\"status\").should(\"equal\", 401);",
              "err": {},
              "uuid": "4615efb0-b161-4150-befb-e4a74d45ef46",
              "parentUUID": "93658685-b95f-421f-8db2-dc9f05df7759",
              "isHook": false,
              "skipped": false
            },
            {
              "title": "returns 204 - success, when owner edit",
              "fullTitle": "DELETE /api/products/:productId returns 204 - success, when owner edit",
              "timedOut": null,
              "duration": 325,
              "state": "passed",
              "speed": "fast",
              "pass": true,
              "fail": false,
              "pending": false,
              "context": null,
              "code": "cy.request({\n  url: endpoint,\n  method: \"DELETE\",\n  headers: {\n    Authorization: `Bearer ${_tokens.aliceToken}`\n  }\n}).its(\"status\").should(\"equal\", 204);",
              "err": {},
              "uuid": "2179e7bd-8603-4fe2-89d5-af2e2d49dd59",
              "parentUUID": "93658685-b95f-421f-8db2-dc9f05df7759",
              "isHook": false,
              "skipped": false
            },
            {
              "title": "returns 403 - forbidden, when non owner edit",
              "fullTitle": "DELETE /api/products/:productId returns 403 - forbidden, when non owner edit",
              "timedOut": null,
              "duration": 432,
              "state": "passed",
              "speed": "fast",
              "pass": true,
              "fail": false,
              "pending": false,
              "context": null,
              "code": "cy.request({\n  url: endpoint,\n  method: \"DELETE\",\n  headers: {\n    Authorization: `Bearer ${_tokens.bobToken}`\n  },\n  failOnStatusCode: false\n}).its(\"status\").should(\"equal\", 403);",
              "err": {},
              "uuid": "2fe83025-6c11-429c-b81b-9d75fdf2ccb0",
              "parentUUID": "93658685-b95f-421f-8db2-dc9f05df7759",
              "isHook": false,
              "skipped": false
            },
            {
              "title": "returns 204 - success, when admin edit",
              "fullTitle": "DELETE /api/products/:productId returns 204 - success, when admin edit",
              "timedOut": null,
              "duration": 416,
              "state": "passed",
              "speed": "fast",
              "pass": true,
              "fail": false,
              "pending": false,
              "context": null,
              "code": "cy.request({\n  url: endpoint,\n  method: \"DELETE\",\n  headers: {\n    Authorization: `Bearer ${_tokens.adminToken}`\n  }\n}).its(\"status\").should(\"equal\", 204);",
              "err": {},
              "uuid": "2841bc21-bb91-4a37-b620-4e989673e19d",
              "parentUUID": "93658685-b95f-421f-8db2-dc9f05df7759",
              "isHook": false,
              "skipped": false
            },
            {
              "title": "returns 404 - not found",
              "fullTitle": "DELETE /api/products/:productId returns 404 - not found",
              "timedOut": null,
              "duration": 304,
              "state": "passed",
              "speed": "fast",
              "pass": true,
              "fail": false,
              "pending": false,
              "context": null,
              "code": "cy.request({\n  url: \"http://localhost:3000/api/products/not-existing-id\",\n  method: \"DELETE\",\n  headers: {\n    Authorization: `Bearer ${_tokens.aliceToken}`\n  },\n  failOnStatusCode: false\n}).its(\"status\").should(\"equal\", 404);",
              "err": {},
              "uuid": "5064f385-a153-49de-ac2f-553c251e5068",
              "parentUUID": "93658685-b95f-421f-8db2-dc9f05df7759",
              "isHook": false,
              "skipped": false
            },
            {
              "title": "check mutation - object deleted in database",
              "fullTitle": "DELETE /api/products/:productId check mutation - object deleted in database",
              "timedOut": null,
              "duration": 113,
              "state": "passed",
              "speed": "fast",
              "pass": true,
              "fail": false,
              "pending": false,
              "context": null,
              "code": "cy.request({\n  url: endpoint,\n  method: \"GET\",\n  headers: {\n    Authorization: `Bearer ${_tokens.aliceToken}`\n  }\n}).then(response => {\n  expect(response.status).to.be.eq(200);\n  cy.request({\n    url: endpoint,\n    method: \"DELETE\",\n    headers: {\n      Authorization: `Bearer ${_tokens.aliceToken}`\n    }\n  }).then(response => {\n    expect(response.status).to.be.eq(204);\n    cy.request({\n      url: endpoint,\n      method: \"GET\",\n      headers: {\n        Authorization: `Bearer ${_tokens.aliceToken}`\n      },\n      failOnStatusCode: false\n    }).then(response => {\n      expect(response.status).to.be.eq(404);\n    });\n  });\n});",
              "err": {},
              "uuid": "f563cd96-5481-403e-b3dc-c68b2b9b9922",
              "parentUUID": "93658685-b95f-421f-8db2-dc9f05df7759",
              "isHook": false,
              "skipped": false
            }
          ],
          "suites": [],
          "passes": [
            "4615efb0-b161-4150-befb-e4a74d45ef46",
            "2179e7bd-8603-4fe2-89d5-af2e2d49dd59",
            "2fe83025-6c11-429c-b81b-9d75fdf2ccb0",
            "2841bc21-bb91-4a37-b620-4e989673e19d",
            "5064f385-a153-49de-ac2f-553c251e5068",
            "f563cd96-5481-403e-b3dc-c68b2b9b9922"
          ],
          "failures": [],
          "pending": [],
          "skipped": [],
          "duration": 1990,
          "root": false,
          "rootEmpty": false,
          "_timeout": 2000
        },
        {
          "uuid": "0b6019b9-9d4f-44b9-b36e-fbaac62f157c",
          "title": "POST /api/products/:productId/bids",
          "fullFile": "",
          "file": "",
          "beforeHooks": [],
          "afterHooks": [],
          "tests": [
            {
              "title": "returns 401 - not authorized",
              "fullTitle": "POST /api/products/:productId/bids returns 401 - not authorized",
              "timedOut": null,
              "duration": 372,
              "state": "passed",
              "speed": "fast",
              "pass": true,
              "fail": false,
              "pending": false,
              "context": null,
              "code": "cy.request({\n  method: \"POST\",\n  url: \"http://localhost:3000/api/products/a0f7c522-78f8-442e-a55d-642cfe566634/bids\",\n  headers: {\n    Authorization: `Bearer BAD_TOKEN`\n  },\n  body: {\n    name: \"New Product\",\n    description: \"This is a new product\",\n    category: \"Electronics\",\n    originalPrice: 99,\n    pictureUrl: \"https://example.com/product.jpg\",\n    endDate: \"2023-04-01T00:00:00.000Z\"\n  },\n  failOnStatusCode: false\n}).its(\"status\").should(\"equal\", 401);",
              "err": {},
              "uuid": "3090398b-e79d-46a7-ac4e-84131fdde738",
              "parentUUID": "0b6019b9-9d4f-44b9-b36e-fbaac62f157c",
              "isHook": false,
              "skipped": false
            },
            {
              "title": "returns 201 - created",
              "fullTitle": "POST /api/products/:productId/bids returns 201 - created",
              "timedOut": null,
              "duration": 416,
              "state": "passed",
              "speed": "fast",
              "pass": true,
              "fail": false,
              "pending": false,
              "context": null,
              "code": "// Create a new product\ncy.request({\n  method: \"POST\",\n  url: \"http://localhost:3000/api/products/a0f7c522-78f8-442e-a55d-642cfe566634/bids\",\n  headers: {\n    Authorization: `Bearer ${_tokens.aliceToken}`\n  },\n  body: {\n    price: 42\n  }\n}).then(response => {\n  // Assert that the response is as expected\n  expect(response.status).to.eq(201);\n  expect(response.body.id).to.be.match(_pattern.UUIDv4);\n  expect(response.body.productId).to.be.match(_pattern.UUIDv4);\n  expect(response.body.price).to.be.a(\"number\");\n  expect(response.body.date).to.match(_pattern.IOS8601);\n  expect(response.body.bidderId).to.match(_pattern.UUIDv4);\n});",
              "err": {},
              "uuid": "ea4706ce-3f2f-49df-8bbe-530849e9dfc1",
              "parentUUID": "0b6019b9-9d4f-44b9-b36e-fbaac62f157c",
              "isHook": false,
              "skipped": false
            },
            {
              "title": "returns 400 - missing or invalid fields",
              "fullTitle": "POST /api/products/:productId/bids returns 400 - missing or invalid fields",
              "timedOut": null,
              "duration": 373,
              "state": "passed",
              "speed": "fast",
              "pass": true,
              "fail": false,
              "pending": false,
              "context": null,
              "code": "// Create a new product\ncy.request({\n  method: \"POST\",\n  url: \"http://localhost:3000/api/products/a0f7c522-78f8-442e-a55d-642cfe566634/bids\",\n  headers: {\n    Authorization: `Bearer ${_tokens.aliceToken}`\n  },\n  body: {\n    // price: 42, missing\n  },\n  failOnStatusCode: false\n}).then(req => {\n  expect(req.status).to.be.eq(400);\n  expect(req.body.error).to.be.eq(\"Invalid or missing fields\");\n  expect(req.body.details).to.exist;\n});",
              "err": {},
              "uuid": "481a2d3a-cc0a-4bb9-b297-a098a5fc732a",
              "parentUUID": "0b6019b9-9d4f-44b9-b36e-fbaac62f157c",
              "isHook": false,
              "skipped": false
            },
            {
              "title": "check mutation - object created in database",
              "fullTitle": "POST /api/products/:productId/bids check mutation - object created in database",
              "timedOut": null,
              "duration": 363,
              "state": "passed",
              "speed": "fast",
              "pass": true,
              "fail": false,
              "pending": false,
              "context": null,
              "code": "cy.request({\n  method: \"POST\",\n  url: \"http://localhost:3000/api/products/a0f7c522-78f8-442e-a55d-642cfe566634/bids\",\n  headers: {\n    Authorization: `Bearer ${_tokens.aliceToken}`\n  },\n  body: {\n    price: 42\n  }\n}).then(response => {\n  expect(response.status).to.be.eq(201);\n  const newBid = response.body;\n  cy.request(\"http://localhost:3000/api/products/a0f7c522-78f8-442e-a55d-642cfe566634\").then(response => {\n    const product = response.body;\n    expect(product.bids.some(bid => bid.id === newBid.id)).to.be.true;\n  });\n});",
              "err": {},
              "uuid": "bdf7e1a4-3a51-4905-9f9a-b4809408b4b9",
              "parentUUID": "0b6019b9-9d4f-44b9-b36e-fbaac62f157c",
              "isHook": false,
              "skipped": false
            }
          ],
          "suites": [],
          "passes": [
            "3090398b-e79d-46a7-ac4e-84131fdde738",
            "ea4706ce-3f2f-49df-8bbe-530849e9dfc1",
            "481a2d3a-cc0a-4bb9-b297-a098a5fc732a",
            "bdf7e1a4-3a51-4905-9f9a-b4809408b4b9"
          ],
          "failures": [],
          "pending": [],
          "skipped": [],
          "duration": 1524,
          "root": false,
          "rootEmpty": false,
          "_timeout": 2000
        },
        {
          "uuid": "5e6fb4da-3a6a-4c3c-8510-5466aa1e93a8",
          "title": "DELETE /bids/:bidId",
          "fullFile": "",
          "file": "",
          "beforeHooks": [],
          "afterHooks": [],
          "tests": [
            {
              "title": "returns 401 - not authorized",
              "fullTitle": "DELETE /bids/:bidId returns 401 - not authorized",
              "timedOut": null,
              "duration": 184,
              "state": "passed",
              "speed": "fast",
              "pass": true,
              "fail": false,
              "pending": false,
              "context": null,
              "code": "cy.request({\n  method: \"DELETE\",\n  url: endpoint,\n  headers: {\n    Authorization: `Bearer BAD_TOKEN`\n  },\n  failOnStatusCode: false\n}).its(\"status\").should(\"equal\", 401);",
              "err": {},
              "uuid": "9b8bd22c-a26d-46de-a3be-55724afd75ab",
              "parentUUID": "5e6fb4da-3a6a-4c3c-8510-5466aa1e93a8",
              "isHook": false,
              "skipped": false
            },
            {
              "title": "returns 204 - success, when owner edit",
              "fullTitle": "DELETE /bids/:bidId returns 204 - success, when owner edit",
              "timedOut": null,
              "duration": 163,
              "state": "passed",
              "speed": "fast",
              "pass": true,
              "fail": false,
              "pending": false,
              "context": null,
              "code": "cy.request({\n  url: endpoint,\n  method: \"DELETE\",\n  headers: {\n    Authorization: `Bearer ${_tokens.charlyToken}`\n  }\n}).its(\"status\").should(\"equal\", 204);",
              "err": {},
              "uuid": "2533da9e-dd92-4794-989d-3d0464619bc7",
              "parentUUID": "5e6fb4da-3a6a-4c3c-8510-5466aa1e93a8",
              "isHook": false,
              "skipped": false
            },
            {
              "title": "returns 403 - forbidden, when non owner edit",
              "fullTitle": "DELETE /bids/:bidId returns 403 - forbidden, when non owner edit",
              "timedOut": null,
              "duration": 339,
              "state": "passed",
              "speed": "fast",
              "pass": true,
              "fail": false,
              "pending": false,
              "context": null,
              "code": "cy.request({\n  url: endpoint,\n  method: \"DELETE\",\n  headers: {\n    Authorization: `Bearer ${_tokens.bobToken}`\n  },\n  failOnStatusCode: false\n}).its(\"status\").should(\"equal\", 403);",
              "err": {},
              "uuid": "b21d3670-2a22-4330-b63b-0b88374892de",
              "parentUUID": "5e6fb4da-3a6a-4c3c-8510-5466aa1e93a8",
              "isHook": false,
              "skipped": false
            },
            {
              "title": "returns 204 - success, when admin edit",
              "fullTitle": "DELETE /bids/:bidId returns 204 - success, when admin edit",
              "timedOut": null,
              "duration": 257,
              "state": "passed",
              "speed": "fast",
              "pass": true,
              "fail": false,
              "pending": false,
              "context": null,
              "code": "cy.request({\n  url: endpoint,\n  method: \"DELETE\",\n  headers: {\n    Authorization: `Bearer ${_tokens.adminToken}`\n  }\n}).its(\"status\").should(\"equal\", 204);",
              "err": {},
              "uuid": "120ef962-387e-477a-a7b7-f5478c30014d",
              "parentUUID": "5e6fb4da-3a6a-4c3c-8510-5466aa1e93a8",
              "isHook": false,
              "skipped": false
            },
            {
              "title": "returns 404 - not found",
              "fullTitle": "DELETE /bids/:bidId returns 404 - not found",
              "timedOut": null,
              "duration": 235,
              "state": "passed",
              "speed": "fast",
              "pass": true,
              "fail": false,
              "pending": false,
              "context": null,
              "code": "cy.request({\n  url: \"http://localhost:3000/api/products/not-existing-id\",\n  method: \"DELETE\",\n  headers: {\n    Authorization: `Bearer ${_tokens.aliceToken}`\n  },\n  failOnStatusCode: false\n}).its(\"status\").should(\"equal\", 404);",
              "err": {},
              "uuid": "0e094bed-d12b-4bb9-8d7f-3fe5b44e8eff",
              "parentUUID": "5e6fb4da-3a6a-4c3c-8510-5466aa1e93a8",
              "isHook": false,
              "skipped": false
            },
            {
              "title": "check mutation - object deleted in database",
              "fullTitle": "DELETE /bids/:bidId check mutation - object deleted in database",
              "timedOut": null,
              "duration": 331,
              "state": "passed",
              "speed": "fast",
              "pass": true,
              "fail": false,
              "pending": false,
              "context": null,
              "code": "cy.request({\n  url: \"http://localhost:3000/api/products/a0f7c522-78f8-442e-a55d-642cfe566634\",\n  method: \"GET\",\n  headers: {\n    Authorization: `Bearer ${_tokens.aliceToken}`\n  }\n}).then(response => {\n  const product = response.body;\n  expect(product.bids.some(bid => bid.id === \"8ccc6e79-f3c9-43e9-b47e-5be7b84d8de7\")).to.be.true;\n  cy.request({\n    url: endpoint,\n    method: \"DELETE\",\n    headers: {\n      Authorization: `Bearer ${_tokens.charlyToken}`\n    }\n  }).then(response => {\n    expect(response.status).to.be.eq(204);\n    cy.request({\n      url: \"http://localhost:3000/api/products/a0f7c522-78f8-442e-a55d-642cfe566634\",\n      method: \"GET\",\n      headers: {\n        Authorization: `Bearer ${_tokens.aliceToken}`\n      },\n      failOnStatusCode: false\n    }).then(response => {\n      const product = response.body;\n      expect(product.bids.some(bid => bid.id === \"8ccc6e79-f3c9-43e9-b47e-5be7b84d8de7\")).to.be.false;\n    });\n  });\n});",
              "err": {},
              "uuid": "09280542-4266-4467-9c6e-225ac11b7910",
              "parentUUID": "5e6fb4da-3a6a-4c3c-8510-5466aa1e93a8",
              "isHook": false,
              "skipped": false
            }
          ],
          "suites": [],
          "passes": [
            "9b8bd22c-a26d-46de-a3be-55724afd75ab",
            "2533da9e-dd92-4794-989d-3d0464619bc7",
            "b21d3670-2a22-4330-b63b-0b88374892de",
            "120ef962-387e-477a-a7b7-f5478c30014d",
            "0e094bed-d12b-4bb9-8d7f-3fe5b44e8eff",
            "09280542-4266-4467-9c6e-225ac11b7910"
          ],
          "failures": [],
          "pending": [],
          "skipped": [],
          "duration": 1509,
          "root": false,
          "rootEmpty": false,
          "_timeout": 2000
        },
        {
          "uuid": "057e09c1-613b-4bc1-8237-b49ca699e705",
          "title": "GET /api/users/:userId",
          "fullFile": "",
          "file": "",
          "beforeHooks": [],
          "afterHooks": [],
          "tests": [
            {
              "title": "returns 404 - not found",
              "fullTitle": "GET /api/users/:userId returns 404 - not found",
              "timedOut": null,
              "duration": 358,
              "state": "passed",
              "speed": "fast",
              "pass": true,
              "fail": false,
              "pending": false,
              "context": null,
              "code": "cy.request({\n  url: \"http://localhost:3000/api/users/not-existing-id\",\n  failOnStatusCode: false\n}).its(\"status\").should(\"equal\", 404);",
              "err": {},
              "uuid": "72618516-18d1-410e-b365-f917e7fedce7",
              "parentUUID": "057e09c1-613b-4bc1-8237-b49ca699e705",
              "isHook": false,
              "skipped": false
            },
            {
              "title": "returns 200 - success",
              "fullTitle": "GET /api/users/:userId returns 200 - success",
              "timedOut": null,
              "duration": 619,
              "state": "passed",
              "speed": "fast",
              "pass": true,
              "fail": false,
              "pending": false,
              "context": null,
              "code": "cy.request(\"http://localhost:3000/api/users/1f2fadb1-0d7e-47a7-9d5b-ed031d665d3e\").then(response => {\n  expect(response.status).to.be.eq(200);\n  expect(response.headers[\"content-type\"]).to.contains(\"application/json\");\n  const user = response.body;\n  expect(user.id).to.eq(\"1f2fadb1-0d7e-47a7-9d5b-ed031d665d3e\");\n  expect(user.username).to.be.eq(\"alice\");\n  expect(user.admin).to.be.false;\n  for (let product of user.products) {\n    expect(product.id).to.be.a(\"string\");\n    expect(product.id).to.match(_pattern.UUIDv4);\n    expect(product.description).to.be.a(\"string\");\n    expect(product.category).to.be.a(\"string\");\n    expect(product.originalPrice).to.be.a(\"number\");\n    expect(product.pictureUrl).to.be.a(\"string\");\n    expect(product.endDate).to.be.a(\"string\");\n    expect(product.endDate).to.match(_pattern.IOS8601);\n  }\n  for (let bid of user.bids) {\n    expect(bid.id).to.be.a(\"string\");\n    expect(bid.id).to.match(_pattern.UUIDv4);\n    expect(bid.price).to.be.a(\"number\");\n    expect(bid.date).to.be.a(\"string\");\n    expect(bid.date).to.match(_pattern.IOS8601);\n    expect(bid.product.id).to.a(\"string\");\n    expect(bid.product.id).to.match(_pattern.UUIDv4);\n    expect(bid.product.name).to.a(\"string\");\n  }\n});",
              "err": {},
              "uuid": "9d83fb4a-596d-4584-a2ec-1fc04ba4accd",
              "parentUUID": "057e09c1-613b-4bc1-8237-b49ca699e705",
              "isHook": false,
              "skipped": false
            }
          ],
          "suites": [],
          "passes": [
            "72618516-18d1-410e-b365-f917e7fedce7",
            "9d83fb4a-596d-4584-a2ec-1fc04ba4accd"
          ],
          "failures": [],
          "pending": [],
          "skipped": [],
          "duration": 977,
          "root": false,
          "rootEmpty": false,
          "_timeout": 2000
        }
      ],
      "passes": [],
      "failures": [],
      "pending": [],
      "skipped": [],
      "duration": 0,
      "root": true,
      "rootEmpty": true,
      "_timeout": 2000
    }
  ],
  "meta": {
    "mocha": {
      "version": "7.0.1"
    },
    "mochawesome": {
      "options": {
        "quiet": false,
        "reportFilename": "mochawesome",
        "saveHtml": false,
        "saveJson": true,
        "consoleReporter": "spec",
        "useInlineDiffs": false,
        "code": true
      },
      "version": "7.1.3"
    },
    "marge": {
      "options": {
        "reportDir": "cypress/results",
        "overwrite": false,
        "html": false,
        "json": true
      },
      "version": "6.2.0"
    }
  }
}